<?xml version="1.0" encoding="UTF-8"?>
<testsuite name="com.example.deploy.DeployApplicationTests" tests="1" skipped="0" failures="0" errors="0" timestamp="2024-02-22T10:41:51" hostname="Choi76ui-MacBookPro.local" time="0.27">
  <properties/>
  <testcase name="contextLoads()" classname="com.example.deploy.DeployApplicationTests" time="0.27"/>
  <system-out><![CDATA[19:41:49.668 [Test worker] INFO org.springframework.test.context.support.AnnotationConfigContextLoaderUtils -- Could not detect default configuration classes for test class [com.example.deploy.DeployApplicationTests]: DeployApplicationTests does not declare any static, non-private, non-final, nested classes annotated with @Configuration.
19:41:49.702 [Test worker] INFO org.springframework.boot.test.context.SpringBootTestContextBootstrapper -- Found @SpringBootConfiguration com.example.deploy.DeployApplication for test class com.example.deploy.DeployApplicationTests

  .   ____          _            __ _ _
 /\\ / ___'_ __ _ _(_)_ __  __ _ \ \ \ \
( ( )\___ | '_ | '_| | '_ \/ _` | \ \ \ \
 \\/  ___)| |_)| | | | | || (_| |  ) ) ) )
  '  |____| .__|_| |_|_| |_\__, | / / / /
 =========|_|==============|___/=/_/_/_/
 :: Spring Boot ::                (v3.2.2)

2024-02-22T19:41:49.828+09:00  INFO 63179 --- [    Test worker] c.example.deploy.DeployApplicationTests  : Starting DeployApplicationTests using Java 19.0.2 with PID 63179 (started by choi76 in /Users/choi76/Desktop/LikeLion2024/deploy/deploy-y2hscmtk)
2024-02-22T19:41:49.829+09:00  INFO 63179 --- [    Test worker] c.example.deploy.DeployApplicationTests  : No active profile set, falling back to 1 default profile: "default"
2024-02-22T19:41:50.054+09:00  INFO 63179 --- [    Test worker] .s.d.r.c.RepositoryConfigurationDelegate : Bootstrapping Spring Data JPA repositories in DEFAULT mode.
2024-02-22T19:41:50.061+09:00  INFO 63179 --- [    Test worker] .s.d.r.c.RepositoryConfigurationDelegate : Finished Spring Data repository scanning in 4 ms. Found 0 JPA repository interfaces.
2024-02-22T19:41:50.228+09:00  INFO 63179 --- [    Test worker] o.hibernate.jpa.internal.util.LogHelper  : HHH000204: Processing PersistenceUnitInfo [name: default]
2024-02-22T19:41:50.248+09:00  INFO 63179 --- [    Test worker] org.hibernate.Version                    : HHH000412: Hibernate ORM core version 6.4.1.Final
2024-02-22T19:41:50.259+09:00  INFO 63179 --- [    Test worker] o.h.c.internal.RegionFactoryInitiator    : HHH000026: Second-level cache disabled
2024-02-22T19:41:50.339+09:00  INFO 63179 --- [    Test worker] o.s.o.j.p.SpringPersistenceUnitInfo      : No LoadTimeWeaver setup: ignoring JPA class transformer
2024-02-22T19:41:50.348+09:00  INFO 63179 --- [    Test worker] com.zaxxer.hikari.HikariDataSource       : HikariPool-1 - Starting...
2024-02-22T19:41:50.563+09:00  INFO 63179 --- [    Test worker] com.zaxxer.hikari.pool.HikariPool        : HikariPool-1 - Added connection com.mysql.cj.jdbc.ConnectionImpl@4b32465
2024-02-22T19:41:50.564+09:00  INFO 63179 --- [    Test worker] com.zaxxer.hikari.HikariDataSource       : HikariPool-1 - Start completed.
2024-02-22T19:41:50.606+09:00  WARN 63179 --- [    Test worker] org.hibernate.orm.deprecation            : HHH90000025: MySQLDialect does not need to be specified explicitly using 'hibernate.dialect' (remove the property setting and it will be selected by default)
2024-02-22T19:41:50.890+09:00  INFO 63179 --- [    Test worker] o.h.e.t.j.p.i.JtaPlatformInitiator       : HHH000489: No JTA platform available (set 'hibernate.transaction.jta.platform' to enable JTA platform integration)
2024-02-22T19:41:50.920+09:00  INFO 63179 --- [    Test worker] j.LocalContainerEntityManagerFactoryBean : Initialized JPA EntityManagerFactory for persistence unit 'default'
2024-02-22T19:41:50.937+09:00  WARN 63179 --- [    Test worker] JpaBaseConfiguration$JpaWebConfiguration : spring.jpa.open-in-view is enabled by default. Therefore, database queries may be performed during view rendering. Explicitly configure spring.jpa.open-in-view to disable this warning
2024-02-22T19:41:50.949+09:00  WARN 63179 --- [    Test worker] .s.s.UserDetailsServiceAutoConfiguration : 

Using generated security password: 74175764-4959-41e5-8150-5bcf3c49996b

This generated password is for development use only. Your security configuration must be updated before running your application in production.

2024-02-22T19:41:51.064+09:00  INFO 63179 --- [    Test worker] o.s.s.w.a.c.ChannelProcessingFilter      : Validated configuration attributes
2024-02-22T19:41:51.074+09:00  INFO 63179 --- [    Test worker] o.s.s.web.DefaultSecurityFilterChain     : Will secure any request with [org.springframework.security.web.session.DisableEncodeUrlFilter@53a3fc8b, org.springframework.security.web.access.channel.ChannelProcessingFilter@2cf669f2, org.springframework.security.web.context.request.async.WebAsyncManagerIntegrationFilter@337e573b, org.springframework.security.web.context.SecurityContextHolderFilter@24a1858a, org.springframework.security.web.header.HeaderWriterFilter@4cd9ee2c, org.springframework.web.filter.CorsFilter@4d24ab25, org.springframework.security.web.csrf.CsrfFilter@13cae908, org.springframework.security.web.authentication.logout.LogoutFilter@25f73119, org.springframework.security.web.savedrequest.RequestCacheAwareFilter@3ffe74da, org.springframework.security.web.servletapi.SecurityContextHolderAwareRequestFilter@359a2c96, org.springframework.security.web.authentication.AnonymousAuthenticationFilter@145f1f97, org.springframework.security.web.access.ExceptionTranslationFilter@43edd2ea, org.springframework.security.web.access.intercept.FilterSecurityInterceptor@67d55a46]
2024-02-22T19:41:51.203+09:00  INFO 63179 --- [    Test worker] c.example.deploy.DeployApplicationTests  : Started DeployApplicationTests in 1.454 seconds (process running for 1.853)
]]></system-out>
  <system-err><![CDATA[]]></system-err>
</testsuite>
